
                  X                 v112      

                4.71007E+03        0.         
                4.71007E+03      -15.1849E-09 
                4.71004E+03     -225.21E-09   
                4.70996E+03     -805.576E-09  
                4.70968E+03       -2.79635E-06
                4.70874E+03       -9.47095E-06
                4.70567E+03      -31.3107E-06 
                4.69594E+03     -100.541E-06  
                4.67146E+03     -272.78E-06   
                4.63149E+03     -463.416E-06  
                4.57532E+03     -443.165E-06  
                4.50371E+03     -438.478E-06  
                4.41862E+03     -467.204E-06  
                4.32292E+03     -520.284E-06  
                4.22021E+03     -591.696E-06  
                4.11451E+03     -676.628E-06  
                4.01001E+03     -769.991E-06  
                3.91085E+03     -866.093E-06  
                3.82083E+03     -958.958E-06  
                3.74317E+03       -1.04293E-03
                3.68024E+03       -1.11335E-03
                3.63335E+03       -1.1671E-03 
                3.60245E+03       -1.20309E-03
                3.58588E+03       -1.22256E-03
                3.58014E+03       -1.22933E-03
                3.57966E+03       -1.2299E-03 




